<?xml version="1.0" encoding="UTF-8" ?>
<testsuites>
  <testsuite errors="0" failures="3" hostname="DESKTOP-8EJDH85" id="0" name="AllTests" package="edu.uag.iidis.scec.pruebas" skipped="0" tests="13" time="2.109" timestamp="2017-04-24T17:26:44">
      <properties>
[...]
</properties>

      <testcase classname="edu.uag.iidis.scec.pruebas.RolDAOTest" name="testBuscarTodosInvalido" time="1.523">
          <failure message="Si no hay datos en la tabla success" type="junit.framework.AssertionFailedError">junit.framework.AssertionFailedError: Si no hay datos en la tabla success
	at edu.uag.iidis.scec.pruebas.RolDAOTest.testBuscarTodosInvalido(RolDAOTest.java:69)
	at junit.extensions.TestDecorator.basicRun(TestDecorator.java:22)
	at junit.extensions.TestSetup$1.protect(TestSetup.java:19)
	at junit.extensions.TestSetup.run(TestSetup.java:23)
</failure>

      </testcase>

      <testcase classname="edu.uag.iidis.scec.pruebas.RolDAOTest" name="testBuscarTodos" time="0.016" />

      <testcase classname="edu.uag.iidis.scec.pruebas.RolDAOTest" name="testCrearRol" time="0.193" />

      <testcase classname="edu.uag.iidis.scec.pruebas.LoginDAOTest" name="testBuscarLoginInvalido" time="0.203" />

      <testcase classname="edu.uag.iidis.scec.pruebas.LoginDAOTest" name="testBuscarLogin" time="0.031" />

      <testcase classname="edu.uag.iidis.scec.pruebas.UsuarioDAOTest" name="testBuscarTodosInvalido" time="0.0">
          <failure type="junit.framework.AssertionFailedError">junit.framework.AssertionFailedError
	at edu.uag.iidis.scec.pruebas.UsuarioDAOTest.testBuscarTodosInvalido(UsuarioDAOTest.java:120)
	at junit.extensions.TestDecorator.basicRun(TestDecorator.java:22)
	at junit.extensions.TestSetup$1.protect(TestSetup.java:19)
	at junit.extensions.TestSetup.run(TestSetup.java:23)
</failure>

      </testcase>

      <testcase classname="edu.uag.iidis.scec.pruebas.UsuarioDAOTest" name="testBuscarUsuarioPorIdInvalido" time="0.016">
          <failure type="junit.framework.AssertionFailedError">junit.framework.AssertionFailedError
	at edu.uag.iidis.scec.pruebas.UsuarioDAOTest.testBuscarUsuarioPorIdInvalido(UsuarioDAOTest.java:93)
	at junit.extensions.TestDecorator.basicRun(TestDecorator.java:22)
	at junit.extensions.TestSetup$1.protect(TestSetup.java:19)
	at junit.extensions.TestSetup.run(TestSetup.java:23)
</failure>

      </testcase>

      <testcase classname="edu.uag.iidis.scec.pruebas.UsuarioDAOTest" name="testBuscarPorNombreInvalido" time="0.0" />

      <testcase classname="edu.uag.iidis.scec.pruebas.UsuarioDAOTest" name="testBuscarUsuarioPorId" time="0.0" />

      <testcase classname="edu.uag.iidis.scec.pruebas.UsuarioDAOTest" name="testCrearUsuarioInvalido" time="0.015" />

      <testcase classname="edu.uag.iidis.scec.pruebas.UsuarioDAOTest" name="testBuscarPorNombre" time="0.0" />

      <testcase classname="edu.uag.iidis.scec.pruebas.UsuarioDAOTest" name="testBuscarTodos" time="0.016" />

      <testcase classname="edu.uag.iidis.scec.pruebas.UsuarioDAOTest" name="testCrearUsuario" time="0.0" />

      <system-out><![CDATA[[SCEC] 2017-04-24 12:26:44,872 DEBUG edu.uag.iidis.scec.persistencia.RolDAO.buscarTodos(64) : >buscarTodos()
[SCEC] 2017-04-24 12:26:44,872 DEBUG edu.uag.iidis.scec.persistencia.hibernate.HibernateUtil.<clinit>(69) : >creando sessionFactory
[SCEC] 2017-04-24 12:26:46,108 DEBUG edu.uag.iidis.scec.persistencia.hibernate.HibernateUtil.getSession(160) : >getSession()
[SCEC] 2017-04-24 12:26:46,108 DEBUG edu.uag.iidis.scec.persistencia.hibernate.HibernateUtil.getSession(167) : -Abriendo una nueva sesión para el thread.
Hibernate: select this_.idRol as idRol2_0_, this_.nombre as nombre2_0_, this_.descripcion as descripc3_2_0_ from Roles this_
Hibernate: select usuarios0_.idRol as idRol2_1_, usuarios0_.idUsuario as idUsuario1_, usuario1_.idUsuario as idUsuario0_0_, usuario1_.nombrePrefijo as nombrePr2_0_0_, usuario1_.nombreNombre as nombreNo3_0_0_, usuario1_.nombreApellidoPaterno as nombreAp4_0_0_, usuario1_.nombreApellidoMaterno as nombreAp5_0_0_, usuario1_.nombrePosfijo as nombrePo6_0_0_, usuario1_.nombreIniciales as nombreIn7_0_0_, usuario1_.nombreUsuario as nombreUs8_0_0_, usuario1_.claveAcceso as claveAcc9_0_0_ from UsuarioRol usuarios0_ inner join Usuarios usuario1_ on usuarios0_.idUsuario=usuario1_.idUsuario where usuarios0_.idRol=?
Hibernate: select usuarios0_.idRol as idRol2_1_, usuarios0_.idUsuario as idUsuario1_, usuario1_.idUsuario as idUsuario0_0_, usuario1_.nombrePrefijo as nombrePr2_0_0_, usuario1_.nombreNombre as nombreNo3_0_0_, usuario1_.nombreApellidoPaterno as nombreAp4_0_0_, usuario1_.nombreApellidoMaterno as nombreAp5_0_0_, usuario1_.nombrePosfijo as nombrePo6_0_0_, usuario1_.nombreIniciales as nombreIn7_0_0_, usuario1_.nombreUsuario as nombreUs8_0_0_, usuario1_.claveAcceso as claveAcc9_0_0_ from UsuarioRol usuarios0_ inner join Usuarios usuario1_ on usuarios0_.idUsuario=usuario1_.idUsuario where usuarios0_.idRol=?
Hibernate: select roles0_.idUsuario as idUsuario0_1_, roles0_.idRol as idRol1_, rol1_.idRol as idRol2_0_, rol1_.nombre as nombre2_0_, rol1_.descripcion as descripc3_2_0_ from UsuarioRol roles0_ inner join Roles rol1_ on roles0_.idRol=rol1_.idRol where roles0_.idUsuario=?
Hibernate: select usuarios0_.idRol as idRol2_1_, usuarios0_.idUsuario as idUsuario1_, usuario1_.idUsuario as idUsuario0_0_, usuario1_.nombrePrefijo as nombrePr2_0_0_, usuario1_.nombreNombre as nombreNo3_0_0_, usuario1_.nombreApellidoPaterno as nombreAp4_0_0_, usuario1_.nombreApellidoMaterno as nombreAp5_0_0_, usuario1_.nombrePosfijo as nombrePo6_0_0_, usuario1_.nombreIniciales as nombreIn7_0_0_, usuario1_.nombreUsuario as nombreUs8_0_0_, usuario1_.claveAcceso as claveAcc9_0_0_ from UsuarioRol usuarios0_ inner join Usuarios usuario1_ on usuarios0_.idUsuario=usuario1_.idUsuario where usuarios0_.idRol=?
[SCEC] 2017-04-24 12:26:46,380 DEBUG edu.uag.iidis.scec.persistencia.hibernate.HibernateUtil.closeSession(204) : >closeSession()
[SCEC] 2017-04-24 12:26:46,380 DEBUG edu.uag.iidis.scec.persistencia.hibernate.HibernateUtil.closeSession(212) : -Cerrando la sesión local al thread.
[SCEC] 2017-04-24 12:26:46,395 DEBUG edu.uag.iidis.scec.persistencia.RolDAO.buscarTodos(64) : >buscarTodos()
[SCEC] 2017-04-24 12:26:46,395 DEBUG edu.uag.iidis.scec.persistencia.hibernate.HibernateUtil.getSession(160) : >getSession()
[SCEC] 2017-04-24 12:26:46,395 DEBUG edu.uag.iidis.scec.persistencia.hibernate.HibernateUtil.getSession(167) : -Abriendo una nueva sesión para el thread.
Hibernate: select this_.idRol as idRol2_0_, this_.nombre as nombre2_0_, this_.descripcion as descripc3_2_0_ from Roles this_
Hibernate: select usuarios0_.idRol as idRol2_1_, usuarios0_.idUsuario as idUsuario1_, usuario1_.idUsuario as idUsuario0_0_, usuario1_.nombrePrefijo as nombrePr2_0_0_, usuario1_.nombreNombre as nombreNo3_0_0_, usuario1_.nombreApellidoPaterno as nombreAp4_0_0_, usuario1_.nombreApellidoMaterno as nombreAp5_0_0_, usuario1_.nombrePosfijo as nombrePo6_0_0_, usuario1_.nombreIniciales as nombreIn7_0_0_, usuario1_.nombreUsuario as nombreUs8_0_0_, usuario1_.claveAcceso as claveAcc9_0_0_ from UsuarioRol usuarios0_ inner join Usuarios usuario1_ on usuarios0_.idUsuario=usuario1_.idUsuario where usuarios0_.idRol=?
Hibernate: select usuarios0_.idRol as idRol2_1_, usuarios0_.idUsuario as idUsuario1_, usuario1_.idUsuario as idUsuario0_0_, usuario1_.nombrePrefijo as nombrePr2_0_0_, usuario1_.nombreNombre as nombreNo3_0_0_, usuario1_.nombreApellidoPaterno as nombreAp4_0_0_, usuario1_.nombreApellidoMaterno as nombreAp5_0_0_, usuario1_.nombrePosfijo as nombrePo6_0_0_, usuario1_.nombreIniciales as nombreIn7_0_0_, usuario1_.nombreUsuario as nombreUs8_0_0_, usuario1_.claveAcceso as claveAcc9_0_0_ from UsuarioRol usuarios0_ inner join Usuarios usuario1_ on usuarios0_.idUsuario=usuario1_.idUsuario where usuarios0_.idRol=?
Hibernate: select roles0_.idUsuario as idUsuario0_1_, roles0_.idRol as idRol1_, rol1_.idRol as idRol2_0_, rol1_.nombre as nombre2_0_, rol1_.descripcion as descripc3_2_0_ from UsuarioRol roles0_ inner join Roles rol1_ on roles0_.idRol=rol1_.idRol where roles0_.idUsuario=?
Hibernate: select usuarios0_.idRol as idRol2_1_, usuarios0_.idUsuario as idUsuario1_, usuario1_.idUsuario as idUsuario0_0_, usuario1_.nombrePrefijo as nombrePr2_0_0_, usuario1_.nombreNombre as nombreNo3_0_0_, usuario1_.nombreApellidoPaterno as nombreAp4_0_0_, usuario1_.nombreApellidoMaterno as nombreAp5_0_0_, usuario1_.nombrePosfijo as nombrePo6_0_0_, usuario1_.nombreIniciales as nombreIn7_0_0_, usuario1_.nombreUsuario as nombreUs8_0_0_, usuario1_.claveAcceso as claveAcc9_0_0_ from UsuarioRol usuarios0_ inner join Usuarios usuario1_ on usuarios0_.idUsuario=usuario1_.idUsuario where usuarios0_.idRol=?
[SCEC] 2017-04-24 12:26:46,411 DEBUG edu.uag.iidis.scec.persistencia.hibernate.HibernateUtil.closeSession(204) : >closeSession()
[SCEC] 2017-04-24 12:26:46,411 DEBUG edu.uag.iidis.scec.persistencia.hibernate.HibernateUtil.closeSession(212) : -Cerrando la sesión local al thread.
[SCEC] 2017-04-24 12:26:46,411 DEBUG edu.uag.iidis.scec.persistencia.hibernate.HibernateUtil.beginTransaction(230) : >beginTransaction()
[SCEC] 2017-04-24 12:26:46,411 DEBUG edu.uag.iidis.scec.persistencia.hibernate.HibernateUtil.beginTransaction(237) : -Iniciando una nueva transacción de base de datos en este thread.
[SCEC] 2017-04-24 12:26:46,411 DEBUG edu.uag.iidis.scec.persistencia.hibernate.HibernateUtil.getSession(160) : >getSession()
[SCEC] 2017-04-24 12:26:46,411 DEBUG edu.uag.iidis.scec.persistencia.hibernate.HibernateUtil.getSession(167) : -Abriendo una nueva sesión para el thread.
[SCEC] 2017-04-24 12:26:46,411 DEBUG edu.uag.iidis.scec.persistencia.RolDAO.hazPersistente(109) : >hazPersistente(rol)
[SCEC] 2017-04-24 12:26:46,411 DEBUG edu.uag.iidis.scec.persistencia.hibernate.HibernateUtil.getSession(160) : >getSession()
Hibernate: select max(idRol) from Roles
[SCEC] 2017-04-24 12:26:46,438 DEBUG edu.uag.iidis.scec.persistencia.hibernate.HibernateUtil.commitTransaction(256) : >commitTransaction()
[SCEC] 2017-04-24 12:26:46,438 DEBUG edu.uag.iidis.scec.persistencia.hibernate.HibernateUtil.commitTransaction(264) : -Comprometiendo la transacción de este thread.
Hibernate: insert into Roles (nombre, descripcion, idRol) values (?, ?, ?)
[SCEC] 2017-04-24 12:26:46,604 DEBUG edu.uag.iidis.scec.persistencia.hibernate.HibernateUtil.closeSession(204) : >closeSession()
[SCEC] 2017-04-24 12:26:46,604 DEBUG edu.uag.iidis.scec.persistencia.hibernate.HibernateUtil.closeSession(212) : -Cerrando la sesión local al thread.
[SCEC] 2017-04-24 12:26:46,604 DEBUG edu.uag.iidis.scec.persistencia.hibernate.HibernateUtil.beginTransaction(230) : >beginTransaction()
[SCEC] 2017-04-24 12:26:46,619 DEBUG edu.uag.iidis.scec.persistencia.hibernate.HibernateUtil.beginTransaction(237) : -Iniciando una nueva transacción de base de datos en este thread.
[SCEC] 2017-04-24 12:26:46,619 DEBUG edu.uag.iidis.scec.persistencia.hibernate.HibernateUtil.getSession(160) : >getSession()
[SCEC] 2017-04-24 12:26:46,619 DEBUG edu.uag.iidis.scec.persistencia.hibernate.HibernateUtil.getSession(167) : -Abriendo una nueva sesión para el thread.
[SCEC] 2017-04-24 12:26:46,619 DEBUG edu.uag.iidis.scec.persistencia.LoginDAO.buscarLogin(31) : >existeRol(nombreRol)
[SCEC] 2017-04-24 12:26:46,619 DEBUG edu.uag.iidis.scec.persistencia.LoginDAO.buscarLogin(39) : from Usuario where credencial.nombreUsuario= 'ravenclaw' and credencial.claveAcceso = ''ravenclaw
[SCEC] 2017-04-24 12:26:46,619 DEBUG edu.uag.iidis.scec.persistencia.hibernate.HibernateUtil.getSession(160) : >getSession()
[SCEC] 2017-04-24 12:26:46,807 DEBUG edu.uag.iidis.scec.persistencia.LoginDAO.buscarLogin(45) : <<<<<<<<< create query ok 
[SCEC] 2017-04-24 12:26:46,807 DEBUG edu.uag.iidis.scec.persistencia.LoginDAO.buscarLogin(48) : <<<<<<<<< set Parameter ok antes del query list >>>>>
Hibernate: select usuario0_.idUsuario as idUsuario0_, usuario0_.nombrePrefijo as nombrePr2_0_, usuario0_.nombreNombre as nombreNo3_0_, usuario0_.nombreApellidoPaterno as nombreAp4_0_, usuario0_.nombreApellidoMaterno as nombreAp5_0_, usuario0_.nombrePosfijo as nombrePo6_0_, usuario0_.nombreIniciales as nombreIn7_0_, usuario0_.nombreUsuario as nombreUs8_0_, usuario0_.claveAcceso as claveAcc9_0_ from Usuarios usuario0_ where usuario0_.nombreUsuario='ravenclaw' and usuario0_.claveAcceso=''
[SCEC] 2017-04-24 12:26:46,807 DEBUG edu.uag.iidis.scec.persistencia.LoginDAO.buscarLogin(53) : <<<<<<<<< Result size 0
[SCEC] 2017-04-24 12:26:46,807 DEBUG edu.uag.iidis.scec.persistencia.hibernate.HibernateUtil.commitTransaction(256) : >commitTransaction()
[SCEC] 2017-04-24 12:26:46,807 DEBUG edu.uag.iidis.scec.persistencia.hibernate.HibernateUtil.commitTransaction(264) : -Comprometiendo la transacción de este thread.
[SCEC] 2017-04-24 12:26:46,807 DEBUG edu.uag.iidis.scec.persistencia.hibernate.HibernateUtil.closeSession(204) : >closeSession()
[SCEC] 2017-04-24 12:26:46,807 DEBUG edu.uag.iidis.scec.persistencia.hibernate.HibernateUtil.closeSession(212) : -Cerrando la sesión local al thread.
[SCEC] 2017-04-24 12:26:46,807 DEBUG edu.uag.iidis.scec.persistencia.hibernate.HibernateUtil.beginTransaction(230) : >beginTransaction()
[SCEC] 2017-04-24 12:26:46,807 DEBUG edu.uag.iidis.scec.persistencia.hibernate.HibernateUtil.beginTransaction(237) : -Iniciando una nueva transacción de base de datos en este thread.
[SCEC] 2017-04-24 12:26:46,807 DEBUG edu.uag.iidis.scec.persistencia.hibernate.HibernateUtil.getSession(160) : >getSession()
[SCEC] 2017-04-24 12:26:46,807 DEBUG edu.uag.iidis.scec.persistencia.hibernate.HibernateUtil.getSession(167) : -Abriendo una nueva sesión para el thread.
[SCEC] 2017-04-24 12:26:46,807 DEBUG edu.uag.iidis.scec.persistencia.LoginDAO.buscarLogin(31) : >existeRol(nombreRol)
[SCEC] 2017-04-24 12:26:46,807 DEBUG edu.uag.iidis.scec.persistencia.LoginDAO.buscarLogin(39) : from Usuario where credencial.nombreUsuario= 'ravenclaw' and credencial.claveAcceso = 'holita'ravenclaw
[SCEC] 2017-04-24 12:26:46,807 DEBUG edu.uag.iidis.scec.persistencia.hibernate.HibernateUtil.getSession(160) : >getSession()
[SCEC] 2017-04-24 12:26:46,807 DEBUG edu.uag.iidis.scec.persistencia.LoginDAO.buscarLogin(45) : <<<<<<<<< create query ok 
[SCEC] 2017-04-24 12:26:46,822 DEBUG edu.uag.iidis.scec.persistencia.LoginDAO.buscarLogin(48) : <<<<<<<<< set Parameter ok antes del query list >>>>>
Hibernate: select usuario0_.idUsuario as idUsuario0_, usuario0_.nombrePrefijo as nombrePr2_0_, usuario0_.nombreNombre as nombreNo3_0_, usuario0_.nombreApellidoPaterno as nombreAp4_0_, usuario0_.nombreApellidoMaterno as nombreAp5_0_, usuario0_.nombrePosfijo as nombrePo6_0_, usuario0_.nombreIniciales as nombreIn7_0_, usuario0_.nombreUsuario as nombreUs8_0_, usuario0_.claveAcceso as claveAcc9_0_ from Usuarios usuario0_ where usuario0_.nombreUsuario='ravenclaw' and usuario0_.claveAcceso='holita'
Hibernate: select roles0_.idUsuario as idUsuario0_1_, roles0_.idRol as idRol1_, rol1_.idRol as idRol2_0_, rol1_.nombre as nombre2_0_, rol1_.descripcion as descripc3_2_0_ from UsuarioRol roles0_ inner join Roles rol1_ on roles0_.idRol=rol1_.idRol where roles0_.idUsuario=?
Hibernate: select usuarios0_.idRol as idRol2_1_, usuarios0_.idUsuario as idUsuario1_, usuario1_.idUsuario as idUsuario0_0_, usuario1_.nombrePrefijo as nombrePr2_0_0_, usuario1_.nombreNombre as nombreNo3_0_0_, usuario1_.nombreApellidoPaterno as nombreAp4_0_0_, usuario1_.nombreApellidoMaterno as nombreAp5_0_0_, usuario1_.nombrePosfijo as nombrePo6_0_0_, usuario1_.nombreIniciales as nombreIn7_0_0_, usuario1_.nombreUsuario as nombreUs8_0_0_, usuario1_.claveAcceso as claveAcc9_0_0_ from UsuarioRol usuarios0_ inner join Usuarios usuario1_ on usuarios0_.idUsuario=usuario1_.idUsuario where usuarios0_.idRol=?
Hibernate: select usuarios0_.idRol as idRol2_1_, usuarios0_.idUsuario as idUsuario1_, usuario1_.idUsuario as idUsuario0_0_, usuario1_.nombrePrefijo as nombrePr2_0_0_, usuario1_.nombreNombre as nombreNo3_0_0_, usuario1_.nombreApellidoPaterno as nombreAp4_0_0_, usuario1_.nombreApellidoMaterno as nombreAp5_0_0_, usuario1_.nombrePosfijo as nombrePo6_0_0_, usuario1_.nombreIniciales as nombreIn7_0_0_, usuario1_.nombreUsuario as nombreUs8_0_0_, usuario1_.claveAcceso as claveAcc9_0_0_ from UsuarioRol usuarios0_ inner join Usuarios usuario1_ on usuarios0_.idUsuario=usuario1_.idUsuario where usuarios0_.idRol=?
[SCEC] 2017-04-24 12:26:46,822 DEBUG edu.uag.iidis.scec.persistencia.LoginDAO.buscarLogin(53) : <<<<<<<<< Result size 1
[SCEC] 2017-04-24 12:26:46,838 DEBUG edu.uag.iidis.scec.persistencia.hibernate.HibernateUtil.commitTransaction(256) : >commitTransaction()
[SCEC] 2017-04-24 12:26:46,838 DEBUG edu.uag.iidis.scec.persistencia.hibernate.HibernateUtil.commitTransaction(264) : -Comprometiendo la transacción de este thread.
[SCEC] 2017-04-24 12:26:46,838 DEBUG edu.uag.iidis.scec.persistencia.hibernate.HibernateUtil.closeSession(204) : >closeSession()
[SCEC] 2017-04-24 12:26:46,838 DEBUG edu.uag.iidis.scec.persistencia.hibernate.HibernateUtil.closeSession(212) : -Cerrando la sesión local al thread.
[SCEC] 2017-04-24 12:26:46,838 DEBUG edu.uag.iidis.scec.persistencia.UsuarioDAO.buscarTodos(121) : >buscarTodos()
[SCEC] 2017-04-24 12:26:46,838 DEBUG edu.uag.iidis.scec.persistencia.hibernate.HibernateUtil.getSession(160) : >getSession()
[SCEC] 2017-04-24 12:26:46,838 DEBUG edu.uag.iidis.scec.persistencia.hibernate.HibernateUtil.getSession(167) : -Abriendo una nueva sesión para el thread.
Hibernate: select this_.idUsuario as idUsuario0_0_, this_.nombrePrefijo as nombrePr2_0_0_, this_.nombreNombre as nombreNo3_0_0_, this_.nombreApellidoPaterno as nombreAp4_0_0_, this_.nombreApellidoMaterno as nombreAp5_0_0_, this_.nombrePosfijo as nombrePo6_0_0_, this_.nombreIniciales as nombreIn7_0_0_, this_.nombreUsuario as nombreUs8_0_0_, this_.claveAcceso as claveAcc9_0_0_ from Usuarios this_
Hibernate: select roles0_.idUsuario as idUsuario0_1_, roles0_.idRol as idRol1_, rol1_.idRol as idRol2_0_, rol1_.nombre as nombre2_0_, rol1_.descripcion as descripc3_2_0_ from UsuarioRol roles0_ inner join Roles rol1_ on roles0_.idRol=rol1_.idRol where roles0_.idUsuario=?
Hibernate: select roles0_.idUsuario as idUsuario0_1_, roles0_.idRol as idRol1_, rol1_.idRol as idRol2_0_, rol1_.nombre as nombre2_0_, rol1_.descripcion as descripc3_2_0_ from UsuarioRol roles0_ inner join Roles rol1_ on roles0_.idRol=rol1_.idRol where roles0_.idUsuario=?
Hibernate: select roles0_.idUsuario as idUsuario0_1_, roles0_.idRol as idRol1_, rol1_.idRol as idRol2_0_, rol1_.nombre as nombre2_0_, rol1_.descripcion as descripc3_2_0_ from UsuarioRol roles0_ inner join Roles rol1_ on roles0_.idRol=rol1_.idRol where roles0_.idUsuario=?
Hibernate: select roles0_.idUsuario as idUsuario0_1_, roles0_.idRol as idRol1_, rol1_.idRol as idRol2_0_, rol1_.nombre as nombre2_0_, rol1_.descripcion as descripc3_2_0_ from UsuarioRol roles0_ inner join Roles rol1_ on roles0_.idRol=rol1_.idRol where roles0_.idUsuario=?
Hibernate: select usuarios0_.idRol as idRol2_1_, usuarios0_.idUsuario as idUsuario1_, usuario1_.idUsuario as idUsuario0_0_, usuario1_.nombrePrefijo as nombrePr2_0_0_, usuario1_.nombreNombre as nombreNo3_0_0_, usuario1_.nombreApellidoPaterno as nombreAp4_0_0_, usuario1_.nombreApellidoMaterno as nombreAp5_0_0_, usuario1_.nombrePosfijo as nombrePo6_0_0_, usuario1_.nombreIniciales as nombreIn7_0_0_, usuario1_.nombreUsuario as nombreUs8_0_0_, usuario1_.claveAcceso as claveAcc9_0_0_ from UsuarioRol usuarios0_ inner join Usuarios usuario1_ on usuarios0_.idUsuario=usuario1_.idUsuario where usuarios0_.idRol=?
Hibernate: select usuarios0_.idRol as idRol2_1_, usuarios0_.idUsuario as idUsuario1_, usuario1_.idUsuario as idUsuario0_0_, usuario1_.nombrePrefijo as nombrePr2_0_0_, usuario1_.nombreNombre as nombreNo3_0_0_, usuario1_.nombreApellidoPaterno as nombreAp4_0_0_, usuario1_.nombreApellidoMaterno as nombreAp5_0_0_, usuario1_.nombrePosfijo as nombrePo6_0_0_, usuario1_.nombreIniciales as nombreIn7_0_0_, usuario1_.nombreUsuario as nombreUs8_0_0_, usuario1_.claveAcceso as claveAcc9_0_0_ from UsuarioRol usuarios0_ inner join Usuarios usuario1_ on usuarios0_.idUsuario=usuario1_.idUsuario where usuarios0_.idRol=?
usuarios_4
[SCEC] 2017-04-24 12:26:46,838 DEBUG edu.uag.iidis.scec.persistencia.hibernate.HibernateUtil.closeSession(204) : >closeSession()
[SCEC] 2017-04-24 12:26:46,838 DEBUG edu.uag.iidis.scec.persistencia.hibernate.HibernateUtil.closeSession(212) : -Cerrando la sesión local al thread.
[SCEC] 2017-04-24 12:26:46,838 DEBUG edu.uag.iidis.scec.persistencia.UsuarioDAO.buscarPorId(45) : >buscarPorID(10000, false)
[SCEC] 2017-04-24 12:26:46,838 DEBUG edu.uag.iidis.scec.persistencia.hibernate.HibernateUtil.getSession(160) : >getSession()
[SCEC] 2017-04-24 12:26:46,838 DEBUG edu.uag.iidis.scec.persistencia.hibernate.HibernateUtil.getSession(167) : -Abriendo una nueva sesión para el thread.
[SCEC] 2017-04-24 12:26:46,854 DEBUG edu.uag.iidis.scec.persistencia.hibernate.HibernateUtil.closeSession(204) : >closeSession()
[SCEC] 2017-04-24 12:26:46,854 DEBUG edu.uag.iidis.scec.persistencia.hibernate.HibernateUtil.closeSession(212) : -Cerrando la sesión local al thread.
[SCEC] 2017-04-24 12:26:46,854 DEBUG edu.uag.iidis.scec.persistencia.UsuarioDAO.buscarPorNombreUsuario(80) : >buscarPorNombreUsuario(rooto)
[SCEC] 2017-04-24 12:26:46,854 DEBUG edu.uag.iidis.scec.persistencia.hibernate.HibernateUtil.getSession(160) : >getSession()
[SCEC] 2017-04-24 12:26:46,854 DEBUG edu.uag.iidis.scec.persistencia.hibernate.HibernateUtil.getSession(167) : -Abriendo una nueva sesión para el thread.
Hibernate: select usuario0_.idUsuario as idUsuario0_, usuario0_.nombrePrefijo as nombrePr2_0_, usuario0_.nombreNombre as nombreNo3_0_, usuario0_.nombreApellidoPaterno as nombreAp4_0_, usuario0_.nombreApellidoMaterno as nombreAp5_0_, usuario0_.nombrePosfijo as nombrePo6_0_, usuario0_.nombreIniciales as nombreIn7_0_, usuario0_.nombreUsuario as nombreUs8_0_, usuario0_.claveAcceso as claveAcc9_0_ from Usuarios usuario0_ where usuario0_.nombreUsuario=?
[SCEC] 2017-04-24 12:26:46,854 DEBUG edu.uag.iidis.scec.persistencia.UsuarioDAO.buscarPorNombreUsuario(96) : >buscarPorNombreUsuario(rooto)
[SCEC] 2017-04-24 12:26:46,854 DEBUG edu.uag.iidis.scec.persistencia.hibernate.HibernateUtil.closeSession(204) : >closeSession()
[SCEC] 2017-04-24 12:26:46,854 DEBUG edu.uag.iidis.scec.persistencia.hibernate.HibernateUtil.closeSession(212) : -Cerrando la sesión local al thread.
[SCEC] 2017-04-24 12:26:46,854 DEBUG edu.uag.iidis.scec.persistencia.UsuarioDAO.buscarPorId(45) : >buscarPorID(1, false)
[SCEC] 2017-04-24 12:26:46,854 DEBUG edu.uag.iidis.scec.persistencia.hibernate.HibernateUtil.getSession(160) : >getSession()
[SCEC] 2017-04-24 12:26:46,854 DEBUG edu.uag.iidis.scec.persistencia.hibernate.HibernateUtil.getSession(167) : -Abriendo una nueva sesión para el thread.
[SCEC] 2017-04-24 12:26:46,854 DEBUG edu.uag.iidis.scec.persistencia.hibernate.HibernateUtil.closeSession(204) : >closeSession()
[SCEC] 2017-04-24 12:26:46,854 DEBUG edu.uag.iidis.scec.persistencia.hibernate.HibernateUtil.closeSession(212) : -Cerrando la sesión local al thread.
[SCEC] 2017-04-24 12:26:46,854 DEBUG edu.uag.iidis.scec.persistencia.hibernate.HibernateUtil.beginTransaction(230) : >beginTransaction()
[SCEC] 2017-04-24 12:26:46,854 DEBUG edu.uag.iidis.scec.persistencia.hibernate.HibernateUtil.beginTransaction(237) : -Iniciando una nueva transacción de base de datos en este thread.
[SCEC] 2017-04-24 12:26:46,854 DEBUG edu.uag.iidis.scec.persistencia.hibernate.HibernateUtil.getSession(160) : >getSession()
[SCEC] 2017-04-24 12:26:46,854 DEBUG edu.uag.iidis.scec.persistencia.hibernate.HibernateUtil.getSession(167) : -Abriendo una nueva sesión para el thread.
[SCEC] 2017-04-24 12:26:46,854 DEBUG edu.uag.iidis.scec.persistencia.UsuarioDAO.hazPersistente(209) : >hazPersistente(usuario)
[SCEC] 2017-04-24 12:26:46,854 DEBUG edu.uag.iidis.scec.persistencia.hibernate.HibernateUtil.getSession(160) : >getSession()
Hibernate: select max(idUsuario) from Usuarios
[SCEC] 2017-04-24 12:26:46,869 DEBUG edu.uag.iidis.scec.persistencia.hibernate.HibernateUtil.closeSession(204) : >closeSession()
[SCEC] 2017-04-24 12:26:46,869 DEBUG edu.uag.iidis.scec.persistencia.hibernate.HibernateUtil.closeSession(212) : -Cerrando la sesión local al thread.
[SCEC] 2017-04-24 12:26:46,869 DEBUG edu.uag.iidis.scec.persistencia.UsuarioDAO.buscarPorNombreUsuario(80) : >buscarPorNombreUsuario(ravenclaw)
[SCEC] 2017-04-24 12:26:46,869 DEBUG edu.uag.iidis.scec.persistencia.hibernate.HibernateUtil.getSession(160) : >getSession()
[SCEC] 2017-04-24 12:26:46,869 DEBUG edu.uag.iidis.scec.persistencia.hibernate.HibernateUtil.getSession(167) : -Abriendo una nueva sesión para el thread.
Hibernate: select usuario0_.idUsuario as idUsuario0_, usuario0_.nombrePrefijo as nombrePr2_0_, usuario0_.nombreNombre as nombreNo3_0_, usuario0_.nombreApellidoPaterno as nombreAp4_0_, usuario0_.nombreApellidoMaterno as nombreAp5_0_, usuario0_.nombrePosfijo as nombrePo6_0_, usuario0_.nombreIniciales as nombreIn7_0_, usuario0_.nombreUsuario as nombreUs8_0_, usuario0_.claveAcceso as claveAcc9_0_ from Usuarios usuario0_ where usuario0_.nombreUsuario=?
Hibernate: select roles0_.idUsuario as idUsuario0_1_, roles0_.idRol as idRol1_, rol1_.idRol as idRol2_0_, rol1_.nombre as nombre2_0_, rol1_.descripcion as descripc3_2_0_ from UsuarioRol roles0_ inner join Roles rol1_ on roles0_.idRol=rol1_.idRol where roles0_.idUsuario=?
Hibernate: select usuarios0_.idRol as idRol2_1_, usuarios0_.idUsuario as idUsuario1_, usuario1_.idUsuario as idUsuario0_0_, usuario1_.nombrePrefijo as nombrePr2_0_0_, usuario1_.nombreNombre as nombreNo3_0_0_, usuario1_.nombreApellidoPaterno as nombreAp4_0_0_, usuario1_.nombreApellidoMaterno as nombreAp5_0_0_, usuario1_.nombrePosfijo as nombrePo6_0_0_, usuario1_.nombreIniciales as nombreIn7_0_0_, usuario1_.nombreUsuario as nombreUs8_0_0_, usuario1_.claveAcceso as claveAcc9_0_0_ from UsuarioRol usuarios0_ inner join Usuarios usuario1_ on usuarios0_.idUsuario=usuario1_.idUsuario where usuarios0_.idRol=?
Hibernate: select usuarios0_.idRol as idRol2_1_, usuarios0_.idUsuario as idUsuario1_, usuario1_.idUsuario as idUsuario0_0_, usuario1_.nombrePrefijo as nombrePr2_0_0_, usuario1_.nombreNombre as nombreNo3_0_0_, usuario1_.nombreApellidoPaterno as nombreAp4_0_0_, usuario1_.nombreApellidoMaterno as nombreAp5_0_0_, usuario1_.nombrePosfijo as nombrePo6_0_0_, usuario1_.nombreIniciales as nombreIn7_0_0_, usuario1_.nombreUsuario as nombreUs8_0_0_, usuario1_.claveAcceso as claveAcc9_0_0_ from UsuarioRol usuarios0_ inner join Usuarios usuario1_ on usuarios0_.idUsuario=usuario1_.idUsuario where usuarios0_.idRol=?
[SCEC] 2017-04-24 12:26:46,869 DEBUG edu.uag.iidis.scec.persistencia.hibernate.HibernateUtil.closeSession(204) : >closeSession()
[SCEC] 2017-04-24 12:26:46,869 DEBUG edu.uag.iidis.scec.persistencia.hibernate.HibernateUtil.closeSession(212) : -Cerrando la sesión local al thread.
[SCEC] 2017-04-24 12:26:46,869 DEBUG edu.uag.iidis.scec.persistencia.UsuarioDAO.buscarTodos(121) : >buscarTodos()
[SCEC] 2017-04-24 12:26:46,869 DEBUG edu.uag.iidis.scec.persistencia.hibernate.HibernateUtil.getSession(160) : >getSession()
[SCEC] 2017-04-24 12:26:46,869 DEBUG edu.uag.iidis.scec.persistencia.hibernate.HibernateUtil.getSession(167) : -Abriendo una nueva sesión para el thread.
Hibernate: select this_.idUsuario as idUsuario0_0_, this_.nombrePrefijo as nombrePr2_0_0_, this_.nombreNombre as nombreNo3_0_0_, this_.nombreApellidoPaterno as nombreAp4_0_0_, this_.nombreApellidoMaterno as nombreAp5_0_0_, this_.nombrePosfijo as nombrePo6_0_0_, this_.nombreIniciales as nombreIn7_0_0_, this_.nombreUsuario as nombreUs8_0_0_, this_.claveAcceso as claveAcc9_0_0_ from Usuarios this_
Hibernate: select roles0_.idUsuario as idUsuario0_1_, roles0_.idRol as idRol1_, rol1_.idRol as idRol2_0_, rol1_.nombre as nombre2_0_, rol1_.descripcion as descripc3_2_0_ from UsuarioRol roles0_ inner join Roles rol1_ on roles0_.idRol=rol1_.idRol where roles0_.idUsuario=?
Hibernate: select roles0_.idUsuario as idUsuario0_1_, roles0_.idRol as idRol1_, rol1_.idRol as idRol2_0_, rol1_.nombre as nombre2_0_, rol1_.descripcion as descripc3_2_0_ from UsuarioRol roles0_ inner join Roles rol1_ on roles0_.idRol=rol1_.idRol where roles0_.idUsuario=?
Hibernate: select roles0_.idUsuario as idUsuario0_1_, roles0_.idRol as idRol1_, rol1_.idRol as idRol2_0_, rol1_.nombre as nombre2_0_, rol1_.descripcion as descripc3_2_0_ from UsuarioRol roles0_ inner join Roles rol1_ on roles0_.idRol=rol1_.idRol where roles0_.idUsuario=?
Hibernate: select roles0_.idUsuario as idUsuario0_1_, roles0_.idRol as idRol1_, rol1_.idRol as idRol2_0_, rol1_.nombre as nombre2_0_, rol1_.descripcion as descripc3_2_0_ from UsuarioRol roles0_ inner join Roles rol1_ on roles0_.idRol=rol1_.idRol where roles0_.idUsuario=?
Hibernate: select usuarios0_.idRol as idRol2_1_, usuarios0_.idUsuario as idUsuario1_, usuario1_.idUsuario as idUsuario0_0_, usuario1_.nombrePrefijo as nombrePr2_0_0_, usuario1_.nombreNombre as nombreNo3_0_0_, usuario1_.nombreApellidoPaterno as nombreAp4_0_0_, usuario1_.nombreApellidoMaterno as nombreAp5_0_0_, usuario1_.nombrePosfijo as nombrePo6_0_0_, usuario1_.nombreIniciales as nombreIn7_0_0_, usuario1_.nombreUsuario as nombreUs8_0_0_, usuario1_.claveAcceso as claveAcc9_0_0_ from UsuarioRol usuarios0_ inner join Usuarios usuario1_ on usuarios0_.idUsuario=usuario1_.idUsuario where usuarios0_.idRol=?
Hibernate: select usuarios0_.idRol as idRol2_1_, usuarios0_.idUsuario as idUsuario1_, usuario1_.idUsuario as idUsuario0_0_, usuario1_.nombrePrefijo as nombrePr2_0_0_, usuario1_.nombreNombre as nombreNo3_0_0_, usuario1_.nombreApellidoPaterno as nombreAp4_0_0_, usuario1_.nombreApellidoMaterno as nombreAp5_0_0_, usuario1_.nombrePosfijo as nombrePo6_0_0_, usuario1_.nombreIniciales as nombreIn7_0_0_, usuario1_.nombreUsuario as nombreUs8_0_0_, usuario1_.claveAcceso as claveAcc9_0_0_ from UsuarioRol usuarios0_ inner join Usuarios usuario1_ on usuarios0_.idUsuario=usuario1_.idUsuario where usuarios0_.idRol=?
[SCEC] 2017-04-24 12:26:46,885 DEBUG edu.uag.iidis.scec.persistencia.hibernate.HibernateUtil.closeSession(204) : >closeSession()
[SCEC] 2017-04-24 12:26:46,885 DEBUG edu.uag.iidis.scec.persistencia.hibernate.HibernateUtil.closeSession(212) : -Cerrando la sesión local al thread.
[SCEC] 2017-04-24 12:26:46,885 DEBUG edu.uag.iidis.scec.persistencia.hibernate.HibernateUtil.beginTransaction(230) : >beginTransaction()
[SCEC] 2017-04-24 12:26:46,885 DEBUG edu.uag.iidis.scec.persistencia.UsuarioDAO.hazPersistente(209) : >hazPersistente(usuario)
[SCEC] 2017-04-24 12:26:46,885 DEBUG edu.uag.iidis.scec.persistencia.hibernate.HibernateUtil.getSession(160) : >getSession()
[SCEC] 2017-04-24 12:26:46,885 DEBUG edu.uag.iidis.scec.persistencia.hibernate.HibernateUtil.getSession(167) : -Abriendo una nueva sesión para el thread.
[SCEC] 2017-04-24 12:26:46,885 DEBUG edu.uag.iidis.scec.persistencia.hibernate.HibernateUtil.commitTransaction(256) : >commitTransaction()
[SCEC] 2017-04-24 12:26:46,885 DEBUG edu.uag.iidis.scec.persistencia.hibernate.HibernateUtil.commitTransaction(264) : -Comprometiendo la transacción de este thread.
[SCEC] 2017-04-24 12:26:46,885 DEBUG edu.uag.iidis.scec.persistencia.hibernate.HibernateUtil.closeSession(204) : >closeSession()
[SCEC] 2017-04-24 12:26:46,885 DEBUG edu.uag.iidis.scec.persistencia.hibernate.HibernateUtil.closeSession(212) : -Cerrando la sesión local al thread.
]]></system-out>

      <system-err><![CDATA[]]></system-err>

  </testsuite>
</testsuites>
